<?xml version="1.0" encoding="UTF-8"?>
<!-- Generated by org.testng.reporters.JUnitXMLReporter -->
<testsuite ignored="2" hostname="LAPTOP-37UPUKI8" failures="0" tests="1" name="Automation Test" time="19.397" errors="0" timestamp="2024-06-24T12:25:28 GMT-04:00">
  <testcase classname="TestCases.Contacts" name="SaveAndNewButton" time="16.087"/>
  <testcase classname="base.baseSelenium" name="@BeforeTest setUp" time="0.0">
    <ignored/>
  </testcase> <!-- @BeforeTest setUp -->
  <testcase classname="base.baseSelenium" name="@BeforeTest setUp" time="0.0">
    <ignored/>
  </testcase> <!-- @BeforeTest setUp -->
</testsuite> <!-- Automation Test -->
