<?xml version="1.0" encoding="UTF-8"?>
<testng-results ignored="2" total="3" passed="1" failed="0" skipped="0">
  <reporter-output>
  </reporter-output>
  <suite started-at="2024-06-24T12:25:09 GMT-04:00" name="Testing SalesForce" finished-at="2024-06-24T12:25:28 GMT-04:00" duration-ms="19397">
    <groups>
    </groups>
    <test started-at="2024-06-24T12:25:09 GMT-04:00" name="Automation Test" finished-at="2024-06-24T12:25:28 GMT-04:00" duration-ms="19397">
      <class name="TestCases.Contacts">
        <test-method is-config="true" signature="setUp()[pri:0, instance:TestCases.Contacts@36fc695d]" started-at="2024-06-24T12:25:09 GMT-04:00" name="setUp" finished-at="2024-06-24T12:25:12 GMT-04:00" duration-ms="2501" status="PASS">
          <reporter-output>
          </reporter-output>
        </test-method> <!-- setUp -->
        <test-method is-config="true" signature="launchSFApplication()[pri:0, instance:TestCases.Contacts@36fc695d]" started-at="2024-06-24T12:25:12 GMT-04:00" name="launchSFApplication" finished-at="2024-06-24T12:25:12 GMT-04:00" duration-ms="763" status="PASS">
          <reporter-output>
          </reporter-output>
        </test-method> <!-- launchSFApplication -->
        <test-method signature="SaveAndNewButton()[pri:0, instance:TestCases.Contacts@36fc695d]" started-at="2024-06-24T12:25:12 GMT-04:00" name="SaveAndNewButton" finished-at="2024-06-24T12:25:28 GMT-04:00" duration-ms="16087" status="PASS">
          <reporter-output>
          </reporter-output>
        </test-method> <!-- SaveAndNewButton -->
      </class> <!-- TestCases.Contacts -->
    </test> <!-- Automation Test -->
  </suite> <!-- Testing SalesForce -->
</testng-results>
